<?xml version="1.0" encoding="UTF-8"?>
<testsuite name="com.monotonic.collections._7_sets.after.ProductCatalogueTest" tests="1" skipped="0" failures="0" errors="0" timestamp="2022-09-07T14:10:28" hostname="AFSWWK47C9MT97" time="0.003">
  <properties/>
  <testcase name="shouldNotRecordDuplicateProducts" classname="com.monotonic.collections._7_sets.after.ProductCatalogueTest" time="0.003"/>
  <system-out><![CDATA[]]></system-out>
  <system-err><![CDATA[]]></system-err>
</testsuite>
