<?xml version="1.0" encoding="UTF-8"?>
<testsuite name="com.monotonic.collections._7_sets.after.WeightAwareProductCatalogueTest" tests="1" skipped="0" failures="0" errors="0" timestamp="2022-09-08T16:17:20" hostname="AFSWWK47C9MT97" time="0.002">
  <properties/>
  <testcase name="shouldFindLighterProducts" classname="com.monotonic.collections._7_sets.after.WeightAwareProductCatalogueTest" time="0.002"/>
  <system-out><![CDATA[]]></system-out>
  <system-err><![CDATA[]]></system-err>
</testsuite>
