<?xml version="1.0" encoding="UTF-8"?>
<testsuite name="com.monotonic.collections._7_sets.before.ProductCatalogueTest" tests="1" skipped="1" failures="0" errors="0" timestamp="2022-09-08T16:17:20" hostname="AFSWWK47C9MT97" time="0.0">
  <properties/>
  <testcase name="shouldNotRecordDuplicateProducts" classname="com.monotonic.collections._7_sets.before.ProductCatalogueTest" time="0.0">
    <skipped/>
  </testcase>
  <system-out><![CDATA[]]></system-out>
  <system-err><![CDATA[]]></system-err>
</testsuite>
